Jul 18, 2024 8:38:50 PM org.servlet.core.spring.jdbc.aaa.StudentService insert
INFO: insert student : Student{age=1212, name='test11111', id=null}
Jul 18, 2024 8:39:10 PM org.servlet.core.spring.jdbc.aaa.StudentService insert
INFO: insert student : Student{age=34, name='test11111', id=null}
Jul 18, 2024 8:40:14 PM org.servlet.core.spring.jdbc.aaa.StudentService insert
INFO: insert student : Student{age=34, name='test11111', id=null}
Jul 18, 2024 8:42:42 PM org.servlet.core.spring.jdbc.aaa.StudentService insert
INFO: insert student : Student{age=34, name='test11111', id=null}
Jul 18, 2024 8:44:16 PM org.servlet.core.spring.jdbc.aaa.StudentService insert
INFO: insert student : Student{age=34, name='test11111', id=null}
Jul 18, 2024 8:45:38 PM org.servlet.core.spring.jdbc.aaa.StudentService insert
INFO: insert student : Student{age=34, name='test11111', id=null}
Jul 18, 2024 8:47:19 PM org.servlet.core.spring.jdbc.aaa.StudentService insert
INFO: insert student : Student{age=34, name='test11111', id=null}
Jul 18, 2024 8:47:45 PM org.servlet.core.spring.jdbc.aaa.StudentService insert
INFO: insert student : Student{age=34, name='test11111', id=null}
Jul 18, 2024 8:49:33 PM org.servlet.core.spring.jdbc.aaa.StudentService insert
INFO: insert student : Student{age=34, name='test11111', id=null}
Jul 20, 2024 5:52:42 PM org.springframework.context.support.AbstractApplicationContext refresh
WARNING: Exception encountered during context initialization - cancelling refresh attempt: org.springframework.beans.factory.UnsatisfiedDependencyException: Error creating bean with name 'studentRepository': Unsatisfied dependency expressed through field 'jdbcTemplate'; nested exception is org.springframework.beans.factory.UnsatisfiedDependencyException: Error creating bean with name 'jdbcTemplate' defined in org.servlet.core.spring.jdbc.aaa.ProfileConfig: Unsatisfied dependency expressed through method 'jdbcTemplate' parameter 0; nested exception is org.springframework.beans.factory.NoSuchBeanDefinitionException: No qualifying bean of type 'javax.sql.DataSource' available: expected at least 1 bean which qualifies as autowire candidate. Dependency annotations: {}
Jul 20, 2024 5:53:14 PM org.springframework.context.support.AbstractApplicationContext refresh
WARNING: Exception encountered during context initialization - cancelling refresh attempt: org.springframework.beans.factory.UnsatisfiedDependencyException: Error creating bean with name 'studentRepository': Unsatisfied dependency expressed through field 'jdbcTemplate'; nested exception is org.springframework.beans.factory.UnsatisfiedDependencyException: Error creating bean with name 'jdbcTemplate' defined in org.servlet.core.spring.jdbc.aaa.ProfileConfig: Unsatisfied dependency expressed through method 'jdbcTemplate' parameter 0; nested exception is org.springframework.beans.factory.NoSuchBeanDefinitionException: No qualifying bean of type 'javax.sql.DataSource' available: expected at least 1 bean which qualifies as autowire candidate. Dependency annotations: {}
Jul 20, 2024 5:53:45 PM org.springframework.context.support.AbstractApplicationContext refresh
WARNING: Exception encountered during context initialization - cancelling refresh attempt: org.springframework.beans.factory.UnsatisfiedDependencyException: Error creating bean with name 'studentRepository': Unsatisfied dependency expressed through field 'jdbcTemplate'; nested exception is org.springframework.beans.factory.UnsatisfiedDependencyException: Error creating bean with name 'jdbcTemplate' defined in org.servlet.core.spring.jdbc.aaa.ProfileConfig: Unsatisfied dependency expressed through method 'jdbcTemplate' parameter 0; nested exception is org.springframework.beans.factory.NoSuchBeanDefinitionException: No qualifying bean of type 'javax.sql.DataSource' available: expected at least 1 bean which qualifies as autowire candidate. Dependency annotations: {}
Jul 20, 2024 5:56:34 PM org.servlet.core.spring.jdbc.aaa.StudentService insert
INFO: insert student : Student{age=12, name='test', id=null}
Jul 20, 2024 5:56:43 PM org.servlet.core.spring.jdbc.aaa.StudentService insert
INFO: insert student : Student{age=12, name='test', id=null}
Jul 20, 2024 5:57:54 PM org.servlet.core.spring.jdbc.aaa.StudentService insert
INFO: insert student : Student{age=34, name='test11111', id=null}
Jul 20, 2024 5:58:07 PM org.servlet.core.spring.jdbc.aaa.StudentService insert
INFO: insert student : Student{age=34, name='test11111', id=null}
Jul 27, 2024 12:13:08 PM org.springframework.context.support.AbstractApplicationContext refresh
WARNING: Exception encountered during context initialization - cancelling refresh attempt: org.springframework.beans.factory.UnsatisfiedDependencyException: Error creating bean with name 'pgTemplate' defined in org.servlet.core.spring.jdbc.aaa.ProfileConfig: Unsatisfied dependency expressed through method 'jdbcTemplate' parameter 0; nested exception is org.springframework.beans.factory.NoSuchBeanDefinitionException: No qualifying bean of type 'javax.sql.DataSource' available: expected at least 1 bean which qualifies as autowire candidate. Dependency annotations: {}
Jul 27, 2024 12:16:01 PM org.springframework.context.support.AbstractApplicationContext refresh
WARNING: Exception encountered during context initialization - cancelling refresh attempt: org.springframework.beans.factory.UnsatisfiedDependencyException: Error creating bean with name 'pgTemplate' defined in org.servlet.core.spring.jdbc.aaa.ProfileConfig: Unsatisfied dependency expressed through method 'jdbcTemplate' parameter 0; nested exception is org.springframework.beans.factory.NoSuchBeanDefinitionException: No qualifying bean of type 'javax.sql.DataSource' available: expected at least 1 bean which qualifies as autowire candidate. Dependency annotations: {}
Jul 27, 2024 12:19:32 PM org.springframework.context.support.AbstractApplicationContext refresh
WARNING: Exception encountered during context initialization - cancelling refresh attempt: org.springframework.beans.factory.UnsatisfiedDependencyException: Error creating bean with name 'studentRepository': Unsatisfied dependency expressed through field 'jdbcTemplate'; nested exception is org.springframework.beans.factory.NoSuchBeanDefinitionException: No qualifying bean of type 'org.springframework.jdbc.core.JdbcTemplate' available: expected at least 1 bean which qualifies as autowire candidate. Dependency annotations: {@org.springframework.beans.factory.annotation.Autowired(required=true)}
Jul 27, 2024 12:20:01 PM org.servlet.core.spring.jdbc.aaa.StudentService insert
INFO: insert student : Student{age=34, name='test11111', id=null}
